### Custom WaveView ADV log file, revision R-2020.12 (build Nov 24, ) ###
### created at 19:20:35 on Fri Nov 15 2024 (Linux AMD64) ###
### Host Name: linuxcad30.ee.ncu.edu.tw   User ID: ts110060012   PID: 32202   ###
wv_start_log
# (0) running in waveview only mode
# (0) SW_SX_PERL_LIB defined
# (0) SW_SX_TCL_LIB defined
# (0) HOME defined
sx_open_sim_file_read {pre_bonus.tr0}
wv_select_tree_item {Custom WaveView} {} {hierview} {D0:pre_bonus.tr0(0)} {0} {+sep=@}
wv_expand_tree_item {Custom WaveView} {} {hierview} {D0:pre_bonus.tr0(0)} {+sep=@}
wv_select_tree_item {Custom WaveView} {} {hierview} {D0:pre_bonus.tr0(0)} {0} {+sep=@}
wv_select_tree_item {Custom WaveView} {} {hierview} {D0:pre_bonus.tr0(0)@toplevel(0)} {0} {+sep=@}
wv_select_list_item {Custom WaveView} {} {sigview} {v(a)} 6
wv_dclick_list_item {Custom WaveView} {} {sigview} {v(a)} 6
wv_select_list_item {Custom WaveView} {} {sigview} {v(b)} 7
wv_dclick_list_item {Custom WaveView} {} {sigview} {v(b)} 7
wv_select_list_item {Custom WaveView} {} {sigview} {v(c)} 8
wv_dclick_list_item {Custom WaveView} {} {sigview} {v(c)} 8
wv_select_list_item {Custom WaveView} {} {sigview} {v(s)} 9
wv_dclick_list_item {Custom WaveView} {} {sigview} {v(s)} 9
wv_close_window {Custom WaveView} 
wv_select_dialog {Confirmation} 
#wv_press_button {Confirmation} {} {Ok} 
#*WARNING* Can not remove '/home/VLSI_1131/ts110060012/.cx_hostport/.cx_hostport_linuxcad30.ee.ncu.edu.tw_32202'.
